<?xml version="1.0" encoding="UTF-8"?>
<!-- Generated by org.testng.reporters.JUnitReportReporter -->
<testsuite hostname="DESKTOP-7FN3TQC" failures="0" tests="1" name="ExamTest.Exam" time="72.096" errors="0" timestamp="2021-06-07T20:56:57 AMT" skipped="0">
  <testcase classname="ExamTest.Exam" name="testExam" time="72.096"/>
  <system-out/>
</testsuite> <!-- ExamTest.Exam -->
