<?xml version="1.0" encoding="UTF-8"?>
<!-- Generated by org.testng.reporters.JUnitReportReporter -->
<testsuite hostname="DESKTOP-7FN3TQC" failures="0" tests="1" name="ExamTest.Exam" time="51.203" errors="0" timestamp="2021-05-18T12:26:01 AMT" skipped="0">
  <testcase classname="ExamTest.Exam" name="testExam" time="51.203"/>
  <system-out/>
</testsuite> <!-- ExamTest.Exam -->
